[2024-12-11 19:46:07] INFO: Starting the ticketing system simulation...
[2024-12-11 19:46:11] INFO: Maximum ticket capacity set to: 30
[2024-12-11 19:46:13] INFO: Total number of tickets set to: 20
[2024-12-11 19:46:18] INFO: Number of vendors: 1
[2024-12-11 19:46:20] INFO: Vendor release rate set to: 1000 milliseconds
[2024-12-11 19:46:23] INFO: Number of customers: 2
[2024-12-11 19:46:24] INFO: Customer retrieval rate set to: 1000 milliseconds
[2024-12-11 19:46:24] INFO: Ticket pool initialized with 20 tickets.
[2024-12-11 19:46:25] INFO: Customer-1 bought 1 ticket. Remaining tickets: 17
[2024-12-11 19:46:25] INFO: Customer-2 bought 1 ticket. Remaining tickets: 17
[2024-12-11 19:46:25] INFO: Vendor-1 released 1 ticket. Remaining tickets: 19
[2024-12-11 19:46:26] INFO: Customer-1 bought 1 ticket. Remaining tickets: 16
[2024-12-11 19:46:26] INFO: Customer-2 bought 1 ticket. Remaining tickets: 15
[2024-12-11 19:46:26] INFO: Vendor-1 released 1 ticket. Remaining tickets: 14
[2024-12-11 19:46:27] INFO: Customer-1 bought 1 ticket. Remaining tickets: 13
[2024-12-11 19:46:27] INFO: Customer-2 bought 1 ticket. Remaining tickets: 12
[2024-12-11 19:46:27] INFO: Vendor-1 released 1 ticket. Remaining tickets: 11
[2024-12-11 19:46:28] INFO: Customer-1 bought 1 ticket. Remaining tickets: 10
[2024-12-11 19:46:28] INFO: Customer-2 bought 1 ticket. Remaining tickets: 9
[2024-12-11 19:46:28] INFO: Vendor-1 released 1 ticket. Remaining tickets: 8
[2024-12-11 19:46:29] INFO: Customer-1 bought 1 ticket. Remaining tickets: 7
[2024-12-11 19:46:29] INFO: Customer-2 bought 1 ticket. Remaining tickets: 6
[2024-12-11 19:46:29] INFO: Vendor-1 released 1 ticket. Remaining tickets: 5
[2024-12-11 19:46:30] INFO: Customer-1 bought 1 ticket. Remaining tickets: 4
[2024-12-11 19:46:30] INFO: Customer-2 bought 1 ticket. Remaining tickets: 2
[2024-12-11 19:46:30] INFO: Vendor-1 released 1 ticket. Remaining tickets: 3
[2024-12-11 19:46:31] INFO: Customer-1 bought 1 ticket. Remaining tickets: 1
[2024-12-11 19:46:31] INFO: Customer-2 bought 1 ticket. Remaining tickets: 0
[2024-12-11 19:46:36] INFO: Ticketing system simulation has ended.
