[2024-12-11 22:31:39] INFO: Starting the ticketing system simulation...
[2024-12-11 22:31:50] INFO: Maximum ticket capacity set to: 30
[2024-12-11 22:32:07] INFO: Total number of tickets set to: 20
[2024-12-11 22:32:09] INFO: Number of vendors: 1
[2024-12-11 22:32:11] INFO: Vendor release rate set to: 1000 milliseconds
[2024-12-11 22:32:13] INFO: Number of customers: 2
[2024-12-11 22:32:15] INFO: Customer retrieval rate set to: 1000 milliseconds
[2024-12-11 22:32:15] INFO: Ticket pool initialized with 20 tickets.
[2024-12-11 22:32:16] INFO: Customer-2 bought 1 ticket. Remaining tickets: 19
[2024-12-11 22:32:16] INFO: Customer-1 bought 1 ticket. Remaining tickets: 17
[2024-12-11 22:32:16] INFO: Vendor-1 released 1 ticket. Remaining tickets: 18
[2024-12-11 22:32:17] INFO: Customer-2 bought 1 ticket. Remaining tickets: 16
[2024-12-11 22:32:17] INFO: Customer-1 bought 1 ticket. Remaining tickets: 15
[2024-12-11 22:32:17] INFO: Vendor-1 released 1 ticket. Remaining tickets: 14
[2024-12-11 22:32:18] INFO: Customer-2 bought 1 ticket. Remaining tickets: 13
[2024-12-11 22:32:18] INFO: Customer-1 bought 1 ticket. Remaining tickets: 12
[2024-12-11 22:32:18] INFO: Vendor-1 released 1 ticket. Remaining tickets: 11
[2024-12-11 22:32:19] INFO: Customer-2 bought 1 ticket. Remaining tickets: 10
[2024-12-11 22:32:19] INFO: Customer-1 bought 1 ticket. Remaining tickets: 9
[2024-12-11 22:32:19] INFO: Vendor-1 released 1 ticket. Remaining tickets: 8
[2024-12-11 22:32:20] INFO: Customer-2 bought 1 ticket. Remaining tickets: 7
[2024-12-11 22:32:20] INFO: Customer-1 bought 1 ticket. Remaining tickets: 6
[2024-12-11 22:32:20] INFO: Vendor-1 released 1 ticket. Remaining tickets: 5
[2024-12-11 22:32:21] INFO: Customer-2 bought 1 ticket. Remaining tickets: 4
[2024-12-11 22:32:21] INFO: Customer-1 bought 1 ticket. Remaining tickets: 3
[2024-12-11 22:32:21] INFO: Vendor-1 released 1 ticket. Remaining tickets: 2
[2024-12-11 22:32:22] INFO: Customer-2 bought 1 ticket. Remaining tickets: 1
[2024-12-11 22:32:22] INFO: Customer-1 bought 1 ticket. Remaining tickets: 0
[2024-12-11 22:32:28] INFO: Ticketing system simulation has ended.
